Traceback (most recent call last):
  File "/usr/local/lib/python3.12/dist-packages/jupyter_cache/executors/utils.py", line 58, in single_nb_execution
    executenb(
  File "/usr/local/lib/python3.12/dist-packages/nbclient/client.py", line 1305, in execute
    return NotebookClient(nb=nb, resources=resources, km=km, **kwargs).execute()
           ^^^^^^^^^^^^^^^^^^^^^^^^^^^^^^^^^^^^^^^^^^^^^^^^^^^^^^^^^^^^^^^^^^^^^
  File "/usr/local/lib/python3.12/dist-packages/jupyter_core/utils/__init__.py", line 165, in wrapped
    return loop.run_until_complete(inner)
           ^^^^^^^^^^^^^^^^^^^^^^^^^^^^^^
  File "/usr/lib/python3.12/asyncio/base_events.py", line 691, in run_until_complete
    return future.result()
           ^^^^^^^^^^^^^^^
  File "/usr/local/lib/python3.12/dist-packages/nbclient/client.py", line 705, in async_execute
    await self.async_execute_cell(
  File "/usr/local/lib/python3.12/dist-packages/nbclient/client.py", line 1058, in async_execute_cell
    await self._check_raise_for_error(cell, cell_index, exec_reply)
  File "/usr/local/lib/python3.12/dist-packages/nbclient/client.py", line 914, in _check_raise_for_error
    raise CellExecutionError.from_cell_and_msg(cell, exec_reply_content)
nbclient.exceptions.CellExecutionError: An error occurred while executing the following cell:
------------------
# 1. Library dan Modul yang Digunakan
# IMPORT LIBRARY YANG AKAN DIGUNAKAN & DIBUTUHKAN
from sklearn.decomposition import PCA
import numpy as np
import pandas as pd
import matplotlib.pyplot as plt
from collections import Counter


fitur = ["mcg", "gvh", "lip", "chg", "aac", "alm1", "alm2"]


2. Fungsi remove_empty untuk Membersihkan Data
def remove_empty(data):

    hasil = []

    for kal in range(len(data)):
        a = np.array(data[kal].split(" "))
        hasil.append(a[a != ''])

    return pd.DataFrame(hasil, columns=["name", "mcg", "gvh", "lip", "chg", "aac", "alm1", "alm2", "class"])



ecoli_df = 0

with open("ecoli.data") as file:
    a = np.array(file.read().splitlines())
    ecoli_df = remove_empty(a)

ecoli_df
------------------


[0;36m  File [0;32m"/tmp/ipython-input-2425703406.py"[0;36m, line [0;32m13[0m
[0;31m    2. Fungsi remove_empty untuk Membersihkan Data[0m
[0m       ^[0m
[0;31mSyntaxError[0m[0;31m:[0m invalid syntax


